<?xml version="1.0" encoding="UTF-8"?>
<!-- Generated by org.testng.reporters.JUnitXMLReporter -->
<testsuite hostname="DESKTOP-J5ELGLC" ignored="0" name="BankingApp Test" tests="2" failures="0" timestamp="2021-04-25T19:21:24 IST" time="35.427" errors="0">
  <testcase name="loginTest" time="1.886" classname="com.inetBanking.testCases.TC_LoginTest_001"/>
  <testcase name="addNewCustomer" time="15.861" classname="com.inetBanking.testCases.TC_AddCustomerTest_003"/>
</testsuite> <!-- BankingApp Test -->
